2025-10-13 12:16:14,316 [Worker-5: Loading available Gradle versions] INFO  o.e.b.c.i.u.g.PublishedGradleVersions - Gradle version information cache is out-of-date. Trying to update.
2025-10-13 12:20:21,592 [Worker-22: Import Getting Started Content] INFO  o.e.m.c.i.l.LifecycleMappingFactory - Using org.eclipse.m2e.jdt.JarLifecycleMapping lifecycle mapping for MavenProject: com.klef.dev:EMPLOYEEMANAGER-SPRINGBOOT:0.0.1-SNAPSHOT @ D:\insemlab\EMPLOYEEMANAGER-SPRINGBOOT\pom.xml.
2025-10-13 12:20:23,653 [Worker-22: Import Getting Started Content] INFO  o.e.m.j.i.AbstractJavaProjectConfigurator - Adding source folder /EMPLOYEEMANAGER-SPRINGBOOT/src/main/java
2025-10-13 12:20:23,655 [Worker-22: Import Getting Started Content] INFO  o.e.m.j.i.AbstractJavaProjectConfigurator - Adding resource folder /EMPLOYEEMANAGER-SPRINGBOOT/src/main/resources
2025-10-13 12:20:23,672 [Worker-22: Import Getting Started Content] INFO  o.e.m.j.i.AbstractJavaProjectConfigurator - Adding resource folder /EMPLOYEEMANAGER-SPRINGBOOT/src/main/resources
2025-10-13 12:20:23,683 [Worker-22: Import Getting Started Content] INFO  o.e.m.j.i.AbstractJavaProjectConfigurator - Adding source folder /EMPLOYEEMANAGER-SPRINGBOOT/src/test/java
2025-10-13 12:20:23,685 [Worker-22: Import Getting Started Content] INFO  o.e.m.j.i.AbstractJavaProjectConfigurator - Adding resource folder /EMPLOYEEMANAGER-SPRINGBOOT/src/test/resources
2025-10-13 12:20:25,087 [Worker-22: Import Getting Started Content] INFO  o.e.m.c.i.p.ProjectConfigurationManager - Imported and configured 1 project(s) in 10 sec
2025-10-13 12:20:25,093 [Worker-22: Import Getting Started Content] INFO  o.e.m.c.i.p.ProjectConfigurationManager - Update started
2025-10-13 12:20:26,191 [Worker-22: Import Getting Started Content] INFO  o.e.m.c.i.l.LifecycleMappingFactory - Using org.eclipse.m2e.jdt.JarLifecycleMapping lifecycle mapping for MavenProject: com.klef.dev:EMPLOYEEMANAGER-SPRINGBOOT:0.0.1-SNAPSHOT @ D:\insemlab\EMPLOYEEMANAGER-SPRINGBOOT\pom.xml.
2025-10-13 12:20:27,251 [Worker-22: Import Getting Started Content] INFO  o.e.m.j.i.AbstractJavaProjectConfigurator - Adding source folder /EMPLOYEEMANAGER-SPRINGBOOT/src/main/java
2025-10-13 12:20:27,253 [Worker-22: Import Getting Started Content] INFO  o.e.m.j.i.AbstractJavaProjectConfigurator - Adding resource folder /EMPLOYEEMANAGER-SPRINGBOOT/src/main/resources
2025-10-13 12:20:27,255 [Worker-22: Import Getting Started Content] INFO  o.e.m.j.i.AbstractJavaProjectConfigurator - Adding resource folder /EMPLOYEEMANAGER-SPRINGBOOT/src/main/resources
2025-10-13 12:20:27,256 [Worker-22: Import Getting Started Content] INFO  o.e.m.j.i.AbstractJavaProjectConfigurator - Adding source folder /EMPLOYEEMANAGER-SPRINGBOOT/src/test/java
2025-10-13 12:20:27,258 [Worker-22: Import Getting Started Content] INFO  o.e.m.j.i.AbstractJavaProjectConfigurator - Adding resource folder /EMPLOYEEMANAGER-SPRINGBOOT/src/test/resources
2025-10-13 12:20:28,156 [Worker-22: Import Getting Started Content] INFO  o.e.m.c.i.p.ProjectConfigurationManager - Update completed for 1 poms: local refresh takes 0.00 sec, refresh facades takes 2.00 sec, update config takes 0.00 sec 
2025-10-13 12:20:29,905 [Worker-23: Building] INFO  o.a.m.s.f.DefaultMavenResourcesFiltering - Copying 1 resource from src\main\resources to target\classes
2025-10-13 12:20:29,950 [Worker-23: Building] INFO  o.a.m.s.f.DefaultMavenResourcesFiltering - Copying 0 resource from src\main\resources to target\classes
2025-10-13 12:20:29,966 [Worker-23: Building] INFO  o.a.m.s.f.DefaultMavenResourcesFiltering - skip non existing resourceDirectory D:\insemlab\EMPLOYEEMANAGER-SPRINGBOOT\src\test\resources
2025-10-13 12:23:06,009 [Worker-5: Building] INFO  o.a.m.s.f.DefaultMavenResourcesFiltering - Copying 1 resource from src\main\resources to target\classes
2025-10-13 12:23:06,514 [Worker-5: Building] INFO  o.a.m.s.f.DefaultMavenResourcesFiltering - Copying 0 resource from src\main\resources to target\classes
2025-10-13 12:23:06,548 [Worker-5: Building] INFO  o.a.m.s.f.DefaultMavenResourcesFiltering - skip non existing resourceDirectory D:\insemlab\EMPLOYEEMANAGER-SPRINGBOOT\src\test\resources
2025-10-13 12:23:35,411 [Worker-22: Building] INFO  o.a.m.s.f.DefaultMavenResourcesFiltering - Copying 1 resource from src\main\resources to target\classes
2025-10-13 12:23:35,608 [Worker-22: Building] INFO  o.a.m.s.f.DefaultMavenResourcesFiltering - Copying 0 resource from src\main\resources to target\classes
2025-10-13 12:23:35,619 [Worker-22: Building] INFO  o.a.m.s.f.DefaultMavenResourcesFiltering - skip non existing resourceDirectory D:\insemlab\EMPLOYEEMANAGER-SPRINGBOOT\src\test\resources
2025-10-13 12:23:54,162 [Worker-24: Building] INFO  o.a.m.s.f.DefaultMavenResourcesFiltering - Copying 1 resource from src\main\resources to target\classes
2025-10-13 12:23:54,290 [Worker-24: Building] INFO  o.a.m.s.f.DefaultMavenResourcesFiltering - Copying 0 resource from src\main\resources to target\classes
2025-10-13 12:23:54,301 [Worker-24: Building] INFO  o.a.m.s.f.DefaultMavenResourcesFiltering - skip non existing resourceDirectory D:\insemlab\EMPLOYEEMANAGER-SPRINGBOOT\src\test\resources
2025-10-13 12:24:09,692 [Worker-24: Building] INFO  o.a.m.s.f.DefaultMavenResourcesFiltering - Copying 1 resource from src\main\resources to target\classes
2025-10-13 12:24:13,707 [Worker-24: Building] INFO  o.a.m.s.f.DefaultMavenResourcesFiltering - Copying 0 resource from src\main\resources to target\classes
2025-10-13 12:24:13,729 [Worker-24: Building] INFO  o.a.m.s.f.DefaultMavenResourcesFiltering - skip non existing resourceDirectory D:\insemlab\EMPLOYEEMANAGER-SPRINGBOOT\src\test\resources
2025-10-13 12:24:25,044 [Worker-26: Building] INFO  o.a.m.s.f.DefaultMavenResourcesFiltering - Copying 1 resource from src\main\resources to target\classes
2025-10-13 12:24:25,106 [Worker-26: Building] INFO  o.a.m.s.f.DefaultMavenResourcesFiltering - Copying 0 resource from src\main\resources to target\classes
2025-10-13 12:24:25,119 [Worker-26: Building] INFO  o.a.m.s.f.DefaultMavenResourcesFiltering - skip non existing resourceDirectory D:\insemlab\EMPLOYEEMANAGER-SPRINGBOOT\src\test\resources
2025-10-13 12:25:20,601 [Worker-23: Building] INFO  o.a.m.s.f.DefaultMavenResourcesFiltering - Copying 1 resource from src\main\resources to target\classes
2025-10-13 12:25:20,620 [Worker-23: Building] INFO  o.a.m.s.f.DefaultMavenResourcesFiltering - Copying 0 resource from src\main\resources to target\classes
2025-10-13 12:25:20,629 [Worker-23: Building] INFO  o.a.m.s.f.DefaultMavenResourcesFiltering - skip non existing resourceDirectory D:\insemlab\EMPLOYEEMANAGER-SPRINGBOOT\src\test\resources
2025-10-13 12:25:31,801 [Worker-22: Building] INFO  o.a.m.s.f.DefaultMavenResourcesFiltering - Copying 1 resource from src\main\resources to target\classes
2025-10-13 12:25:31,920 [Worker-22: Building] INFO  o.a.m.s.f.DefaultMavenResourcesFiltering - Copying 0 resource from src\main\resources to target\classes
2025-10-13 12:25:31,936 [Worker-22: Building] INFO  o.a.m.s.f.DefaultMavenResourcesFiltering - skip non existing resourceDirectory D:\insemlab\EMPLOYEEMANAGER-SPRINGBOOT\src\test\resources
2025-10-13 12:25:41,414 [Worker-26: Building] INFO  o.a.m.s.f.DefaultMavenResourcesFiltering - Copying 1 resource from src\main\resources to target\classes
2025-10-13 12:25:41,446 [Worker-26: Building] INFO  o.a.m.s.f.DefaultMavenResourcesFiltering - Copying 0 resource from src\main\resources to target\classes
2025-10-13 12:25:41,456 [Worker-26: Building] INFO  o.a.m.s.f.DefaultMavenResourcesFiltering - skip non existing resourceDirectory D:\insemlab\EMPLOYEEMANAGER-SPRINGBOOT\src\test\resources
2025-10-13 12:25:52,934 [Worker-26: Building] INFO  o.a.m.s.f.DefaultMavenResourcesFiltering - Copying 1 resource from src\main\resources to target\classes
2025-10-13 12:25:53,132 [Worker-26: Building] INFO  o.a.m.s.f.DefaultMavenResourcesFiltering - Copying 0 resource from src\main\resources to target\classes
2025-10-13 12:25:53,145 [Worker-26: Building] INFO  o.a.m.s.f.DefaultMavenResourcesFiltering - skip non existing resourceDirectory D:\insemlab\EMPLOYEEMANAGER-SPRINGBOOT\src\test\resources
2025-10-13 12:26:01,674 [Worker-23: Building] INFO  o.a.m.s.f.DefaultMavenResourcesFiltering - Copying 1 resource from src\main\resources to target\classes
2025-10-13 12:26:01,710 [Worker-23: Building] INFO  o.a.m.s.f.DefaultMavenResourcesFiltering - Copying 0 resource from src\main\resources to target\classes
2025-10-13 12:26:01,726 [Worker-23: Building] INFO  o.a.m.s.f.DefaultMavenResourcesFiltering - skip non existing resourceDirectory D:\insemlab\EMPLOYEEMANAGER-SPRINGBOOT\src\test\resources
2025-10-13 12:26:10,335 [Worker-23: Building] INFO  o.a.m.s.f.DefaultMavenResourcesFiltering - Copying 1 resource from src\main\resources to target\classes
2025-10-13 12:26:10,352 [Worker-23: Building] INFO  o.a.m.s.f.DefaultMavenResourcesFiltering - Copying 0 resource from src\main\resources to target\classes
2025-10-13 12:26:10,356 [Worker-23: Building] INFO  o.a.m.s.f.DefaultMavenResourcesFiltering - skip non existing resourceDirectory D:\insemlab\EMPLOYEEMANAGER-SPRINGBOOT\src\test\resources
2025-10-13 12:26:40,857 [Worker-23: Building] INFO  o.a.m.s.f.DefaultMavenResourcesFiltering - Copying 1 resource from src\main\resources to target\classes
2025-10-13 12:26:40,867 [Worker-23: Building] INFO  o.a.m.s.f.DefaultMavenResourcesFiltering - Copying 0 resource from src\main\resources to target\classes
2025-10-13 12:26:40,874 [Worker-23: Building] INFO  o.a.m.s.f.DefaultMavenResourcesFiltering - skip non existing resourceDirectory D:\insemlab\EMPLOYEEMANAGER-SPRINGBOOT\src\test\resources
2025-10-13 12:33:31,138 [Worker-27: Updating Maven Project] INFO  o.e.m.c.i.p.ProjectConfigurationManager - Update started
2025-10-13 12:33:33,014 [Worker-27: Updating Maven Project] INFO  o.e.m.c.i.l.LifecycleMappingFactory - Using org.eclipse.m2e.jdt.JarLifecycleMapping lifecycle mapping for MavenProject: com.klef.dev:EMPLOYEEMANAGER-SPRINGBOOT:0.0.1-SNAPSHOT @ D:\insemlab\EMPLOYEEMANAGER-SPRINGBOOT\pom.xml.
2025-10-13 12:33:34,204 [Worker-27: Updating Maven Project] INFO  o.e.m.j.i.AbstractJavaProjectConfigurator - Adding source folder /EMPLOYEEMANAGER-SPRINGBOOT/src/main/java
2025-10-13 12:33:34,206 [Worker-27: Updating Maven Project] INFO  o.e.m.j.i.AbstractJavaProjectConfigurator - Adding resource folder /EMPLOYEEMANAGER-SPRINGBOOT/src/main/resources
2025-10-13 12:33:34,206 [Worker-27: Updating Maven Project] INFO  o.e.m.j.i.AbstractJavaProjectConfigurator - Adding resource folder /EMPLOYEEMANAGER-SPRINGBOOT/src/main/resources
2025-10-13 12:33:34,207 [Worker-27: Updating Maven Project] INFO  o.e.m.j.i.AbstractJavaProjectConfigurator - Adding source folder /EMPLOYEEMANAGER-SPRINGBOOT/src/test/java
2025-10-13 12:33:34,207 [Worker-27: Updating Maven Project] INFO  o.e.m.j.i.AbstractJavaProjectConfigurator - Adding resource folder /EMPLOYEEMANAGER-SPRINGBOOT/src/test/resources
2025-10-13 12:33:34,621 [Worker-27: Updating Maven Project] INFO  o.e.m.c.i.p.ProjectConfigurationManager - Update completed for 1 poms: local refresh takes 0.00 sec, refresh facades takes 2.00 sec, update config takes 0.00 sec 
2025-10-13 12:33:36,112 [Worker-22: Building] INFO  o.a.m.s.f.DefaultMavenResourcesFiltering - Copying 1 resource from src\main\resources to target\classes
2025-10-13 12:33:36,197 [Worker-22: Building] INFO  o.a.m.s.f.DefaultMavenResourcesFiltering - Copying 0 resource from src\main\resources to target\classes
2025-10-13 12:33:36,209 [Worker-22: Building] INFO  o.a.m.s.f.DefaultMavenResourcesFiltering - skip non existing resourceDirectory D:\insemlab\EMPLOYEEMANAGER-SPRINGBOOT\src\test\resources
2025-10-13 12:37:38,753 [Worker-27: Building] INFO  o.e.m.c.i.l.LifecycleMappingFactory - Using org.eclipse.m2e.jdt.JarLifecycleMapping lifecycle mapping for MavenProject: com.klef.dev:EMPLOYEEMANAGER-SPRINGBOOT:0.0.1-SNAPSHOT @ D:\insemlab\EMPLOYEEMANAGER-SPRINGBOOT\pom.xml.
2025-10-13 12:37:43,262 [Worker-27: Building] INFO  o.a.m.s.f.DefaultMavenResourcesFiltering - Copying 0 resource from src\main\resources to target\classes
2025-10-13 12:37:43,265 [Worker-27: Building] INFO  o.a.m.s.f.DefaultMavenResourcesFiltering - Copying 0 resource from src\main\resources to target\classes
2025-10-13 12:37:43,284 [Worker-27: Building] INFO  o.a.m.s.f.DefaultMavenResourcesFiltering - skip non existing resourceDirectory D:\insemlab\EMPLOYEEMANAGER-SPRINGBOOT\src\test\resources
2025-10-13 12:37:51,909 [Worker-34: Building] INFO  o.a.m.s.f.DefaultMavenResourcesFiltering - Copying 1 resource from src\main\resources to target\classes
2025-10-13 12:37:52,648 [Worker-34: Building] INFO  o.a.m.s.f.DefaultMavenResourcesFiltering - Copying 0 resource from src\main\resources to target\classes
2025-10-13 12:37:52,661 [Worker-34: Building] INFO  o.a.m.s.f.DefaultMavenResourcesFiltering - skip non existing resourceDirectory D:\insemlab\EMPLOYEEMANAGER-SPRINGBOOT\src\test\resources
2025-10-13 12:38:16,879 [Worker-33: Building] INFO  o.a.m.s.f.DefaultMavenResourcesFiltering - Copying 1 resource from src\main\resources to target\classes
2025-10-13 12:38:17,107 [Worker-33: Building] INFO  o.a.m.s.f.DefaultMavenResourcesFiltering - Copying 0 resource from src\main\resources to target\classes
2025-10-13 12:38:17,113 [Worker-33: Building] INFO  o.a.m.s.f.DefaultMavenResourcesFiltering - skip non existing resourceDirectory D:\insemlab\EMPLOYEEMANAGER-SPRINGBOOT\src\test\resources
2025-10-13 12:38:30,929 [Worker-32: Building] INFO  o.a.m.s.f.DefaultMavenResourcesFiltering - Copying 1 resource from src\main\resources to target\classes
2025-10-13 12:38:30,944 [Worker-32: Building] INFO  o.a.m.s.f.DefaultMavenResourcesFiltering - Copying 0 resource from src\main\resources to target\classes
2025-10-13 12:38:30,949 [Worker-32: Building] INFO  o.a.m.s.f.DefaultMavenResourcesFiltering - skip non existing resourceDirectory D:\insemlab\EMPLOYEEMANAGER-SPRINGBOOT\src\test\resources
2025-10-13 12:41:42,958 [Worker-39: Building] INFO  o.a.m.s.f.DefaultMavenResourcesFiltering - Copying 1 resource from src\main\resources to target\classes
2025-10-13 12:41:43,078 [Worker-39: Building] INFO  o.a.m.s.f.DefaultMavenResourcesFiltering - Copying 0 resource from src\main\resources to target\classes
2025-10-13 12:41:43,087 [Worker-39: Building] INFO  o.a.m.s.f.DefaultMavenResourcesFiltering - skip non existing resourceDirectory D:\insemlab\EMPLOYEEMANAGER-SPRINGBOOT\src\test\resources
2025-10-13 12:42:15,989 [Worker-40: Updating Maven Project] INFO  o.e.m.c.i.p.ProjectConfigurationManager - Update started
2025-10-13 12:42:17,247 [Worker-40: Updating Maven Project] INFO  o.e.m.c.i.l.LifecycleMappingFactory - Using org.eclipse.m2e.jdt.JarLifecycleMapping lifecycle mapping for MavenProject: com.klef.dev:EMPLOYEEMANAGER-SPRINGBOOT:0.0.1-SNAPSHOT @ D:\insemlab\EMPLOYEEMANAGER-SPRINGBOOT\pom.xml.
2025-10-13 12:42:20,451 [Worker-40: Updating Maven Project] INFO  o.e.m.j.i.AbstractJavaProjectConfigurator - Adding source folder /EMPLOYEEMANAGER-SPRINGBOOT/src/main/java
2025-10-13 12:42:20,455 [Worker-40: Updating Maven Project] INFO  o.e.m.j.i.AbstractJavaProjectConfigurator - Adding resource folder /EMPLOYEEMANAGER-SPRINGBOOT/src/main/resources
2025-10-13 12:42:20,456 [Worker-40: Updating Maven Project] INFO  o.e.m.j.i.AbstractJavaProjectConfigurator - Adding resource folder /EMPLOYEEMANAGER-SPRINGBOOT/src/main/resources
2025-10-13 12:42:20,459 [Worker-40: Updating Maven Project] INFO  o.e.m.j.i.AbstractJavaProjectConfigurator - Adding source folder /EMPLOYEEMANAGER-SPRINGBOOT/src/test/java
2025-10-13 12:42:20,464 [Worker-40: Updating Maven Project] INFO  o.e.m.j.i.AbstractJavaProjectConfigurator - Adding resource folder /EMPLOYEEMANAGER-SPRINGBOOT/src/test/resources
2025-10-13 12:42:21,631 [Worker-40: Updating Maven Project] INFO  o.e.m.c.i.p.ProjectConfigurationManager - Update completed for 1 poms: local refresh takes 0.00 sec, refresh facades takes 4.00 sec, update config takes 1.00 sec 
2025-10-13 12:42:23,805 [Worker-39: Building] INFO  o.a.m.s.f.DefaultMavenResourcesFiltering - Copying 1 resource from src\main\resources to target\classes
2025-10-13 12:42:23,984 [Worker-39: Building] INFO  o.a.m.s.f.DefaultMavenResourcesFiltering - Copying 0 resource from src\main\resources to target\classes
2025-10-13 12:42:23,998 [Worker-39: Building] INFO  o.a.m.s.f.DefaultMavenResourcesFiltering - skip non existing resourceDirectory D:\insemlab\EMPLOYEEMANAGER-SPRINGBOOT\src\test\resources
2025-10-13 15:16:13,096 [Worker-4: Loading available Gradle versions] INFO  o.e.b.c.i.u.g.PublishedGradleVersions - Gradle version information cache is up-to-date. Trying to read.
2025-10-13 19:56:46,234 [Worker-7: Loading available Gradle versions] INFO  o.e.b.c.i.u.g.PublishedGradleVersions - Gradle version information cache is up-to-date. Trying to read.
